2024-12-30 09:45:59 [restartedMain] INFO  com.example.demo.Demo3Application - Starting Demo3Application using Java 17 with PID 14632 (C:\New_java\I-C-SpringBoot\demo3 - mybatis+member\demo3 - mybatis+member\build\classes\java\main started by a in C:\New_java\I-C-SpringBoot\demo3 - mybatis+member)
2024-12-30 09:45:59 [restartedMain] INFO  com.example.demo.Demo3Application - Starting Demo3Application using Java 17 with PID 14632 (C:\New_java\I-C-SpringBoot\demo3 - mybatis+member\demo3 - mybatis+member\build\classes\java\main started by a in C:\New_java\I-C-SpringBoot\demo3 - mybatis+member)
2024-12-30 09:45:59 [restartedMain] DEBUG com.example.demo.Demo3Application - Running with Spring Boot v3.0.2, Spring v6.0.4
2024-12-30 09:45:59 [restartedMain] DEBUG com.example.demo.Demo3Application - Running with Spring Boot v3.0.2, Spring v6.0.4
2024-12-30 09:45:59 [restartedMain] INFO  com.example.demo.Demo3Application - No active profile set, falling back to 1 default profile: "default"
2024-12-30 09:45:59 [restartedMain] INFO  com.example.demo.Demo3Application - No active profile set, falling back to 1 default profile: "default"
2024-12-30 09:46:00 [restartedMain] INFO  o.s.b.d.e.DevToolsPropertyDefaultsPostProcessor - Devtools property defaults active! Set 'spring.devtools.add-properties' to 'false' to disable
2024-12-30 09:46:00 [restartedMain] INFO  o.s.b.d.e.DevToolsPropertyDefaultsPostProcessor - For additional web related logging consider setting the 'logging.level.web' property to 'DEBUG'
2024-12-30 09:46:02 [restartedMain] DEBUG o.m.s.b.a.MybatisAutoConfiguration - Searching for mappers annotated with @Mapper
2024-12-30 09:46:02 [restartedMain] DEBUG o.m.s.b.a.MybatisAutoConfiguration - Using auto-configuration base package 'com.example.demo'
2024-12-30 09:46:02 [restartedMain] DEBUG o.apache.ibatis.logging.LogFactory - Logging initialized using 'class org.apache.ibatis.logging.slf4j.Slf4jImpl' adapter.
2024-12-30 09:46:02 [restartedMain] DEBUG o.m.s.mapper.ClassPathMapperScanner - Identified candidate component class: file [C:\New_java\I-C-SpringBoot\demo3 - mybatis+member\demo3 - mybatis+member\build\classes\java\main\com\example\demo\member\dao\MemberMapper.class]
2024-12-30 09:46:02 [restartedMain] DEBUG o.m.s.mapper.ClassPathMapperScanner - Creating MapperFactoryBean with name 'memberMapper' and 'com.example.demo.member.dao.MemberMapper' mapperInterface
2024-12-30 09:46:03 [restartedMain] INFO  o.s.b.w.e.tomcat.TomcatWebServer - Tomcat initialized with port(s): 8888 (http)
2024-12-30 09:46:03 [restartedMain] INFO  o.a.coyote.http11.Http11NioProtocol - Initializing ProtocolHandler ["http-nio-8888"]
2024-12-30 09:46:03 [restartedMain] INFO  o.a.catalina.core.StandardService - Starting service [Tomcat]
2024-12-30 09:46:03 [restartedMain] INFO  o.a.catalina.core.StandardEngine - Starting Servlet engine: [Apache Tomcat/10.1.5]
2024-12-30 09:46:03 [restartedMain] INFO  o.a.c.c.C.[Tomcat].[localhost].[/] - Initializing Spring embedded WebApplicationContext
2024-12-30 09:46:03 [restartedMain] DEBUG o.s.w.f.ServerHttpObservationFilter - Filter 'serverHttpObservationFilter' configured for use
2024-12-30 09:46:04 [restartedMain] DEBUG o.m.spring.SqlSessionFactoryBean - Parsed mapper file: 'file [C:\New_java\I-C-SpringBoot\demo3 - mybatis+member\demo3 - mybatis+member\build\resources\main\mapper\MemberMapper.xml]'
2024-12-30 09:46:04 [restartedMain] DEBUG o.s.w.s.m.m.a.RequestMappingHandlerAdapter - ControllerAdvice beans: 0 @ModelAttribute, 0 @InitBinder, 1 RequestBodyAdvice, 1 ResponseBodyAdvice
2024-12-30 09:46:04 [restartedMain] INFO  o.s.b.a.w.s.WelcomePageHandlerMapping - Adding welcome page template: index
2024-12-30 09:46:04 [restartedMain] DEBUG o.s.w.s.m.m.a.RequestMappingHandlerMapping - 21 mappings in 'requestMappingHandlerMapping'
2024-12-30 09:46:04 [restartedMain] DEBUG o.s.w.s.h.SimpleUrlHandlerMapping - Patterns [/webjars/**, /**] in 'resourceHandlerMapping'
2024-12-30 09:46:04 [restartedMain] DEBUG o.s.w.s.m.m.a.ExceptionHandlerExceptionResolver - ControllerAdvice beans: 0 @ExceptionHandler, 1 ResponseBodyAdvice
2024-12-30 09:46:04 [restartedMain] DEBUG o.m.s.b.a.MybatisAutoConfiguration - Not found configuration for registering mapper bean using @MapperScan, MapperFactoryBean and MapperScannerConfigurer.
2024-12-30 09:46:05 [restartedMain] INFO  o.s.b.d.a.OptionalLiveReloadServer - LiveReload server is running on port 35729
2024-12-30 09:46:05 [restartedMain] INFO  o.s.b.a.e.web.EndpointLinksResolver - Exposing 1 endpoint(s) beneath base path '/actuator'
2024-12-30 09:46:05 [restartedMain] INFO  o.a.coyote.http11.Http11NioProtocol - Starting ProtocolHandler ["http-nio-8888"]
2024-12-30 09:46:05 [restartedMain] INFO  o.s.b.w.e.tomcat.TomcatWebServer - Tomcat started on port(s): 8888 (http) with context path ''
2024-12-30 09:46:05 [restartedMain] INFO  com.example.demo.Demo3Application - Started Demo3Application in 6.942 seconds (process running for 8.365)
2024-12-30 09:46:05 [restartedMain] INFO  com.example.demo.Demo3Application - Started Demo3Application in 6.942 seconds (process running for 8.365)
2024-12-30 09:46:05 [RMI TCP Connection(3)-192.168.56.1] INFO  o.a.c.c.C.[Tomcat].[localhost].[/] - Initializing Spring DispatcherServlet 'dispatcherServlet'
2024-12-30 09:46:05 [RMI TCP Connection(3)-192.168.56.1] INFO  o.s.web.servlet.DispatcherServlet - Initializing Servlet 'dispatcherServlet'
2024-12-30 09:46:05 [RMI TCP Connection(3)-192.168.56.1] DEBUG o.s.web.servlet.DispatcherServlet - Detected StandardServletMultipartResolver
2024-12-30 09:46:05 [RMI TCP Connection(3)-192.168.56.1] DEBUG o.s.web.servlet.DispatcherServlet - Detected AcceptHeaderLocaleResolver
2024-12-30 09:46:05 [RMI TCP Connection(3)-192.168.56.1] DEBUG o.s.web.servlet.DispatcherServlet - Detected FixedThemeResolver
2024-12-30 09:46:05 [RMI TCP Connection(3)-192.168.56.1] DEBUG o.s.web.servlet.DispatcherServlet - Detected org.springframework.web.servlet.view.DefaultRequestToViewNameTranslator@5c561109
2024-12-30 09:46:05 [RMI TCP Connection(3)-192.168.56.1] DEBUG o.s.web.servlet.DispatcherServlet - Detected org.springframework.web.servlet.support.SessionFlashMapManager@43a300a1
2024-12-30 09:46:05 [RMI TCP Connection(3)-192.168.56.1] DEBUG o.s.web.servlet.DispatcherServlet - enableLoggingRequestDetails='false': request parameters and headers will be masked to prevent unsafe logging of potentially sensitive data
2024-12-30 09:46:05 [RMI TCP Connection(3)-192.168.56.1] INFO  o.s.web.servlet.DispatcherServlet - Completed initialization in 4 ms
2024-12-30 09:46:05 [RMI TCP Connection(1)-192.168.56.1] INFO  com.zaxxer.hikari.HikariDataSource - MyHikariPool - Starting...
2024-12-30 09:46:06 [RMI TCP Connection(1)-192.168.56.1] INFO  com.zaxxer.hikari.pool.HikariPool - MyHikariPool - Added connection com.mysql.cj.jdbc.ConnectionImpl@392cf2a4
2024-12-30 09:46:06 [RMI TCP Connection(1)-192.168.56.1] INFO  com.zaxxer.hikari.HikariDataSource - MyHikariPool - Start completed.
2024-12-30 09:46:22 [http-nio-8888-exec-1] DEBUG o.s.web.servlet.DispatcherServlet - GET "/", parameters={}
2024-12-30 09:46:22 [http-nio-8888-exec-1] DEBUG o.s.w.s.m.m.a.RequestMappingHandlerMapping - Mapped to com.example.demo.common.HomeController#index()
2024-12-30 09:46:22 [http-nio-8888-exec-1] INFO  c.example.demo.common.HomeController - INFO: Log example method called
2024-12-30 09:46:22 [http-nio-8888-exec-1] INFO  c.example.demo.common.HomeController - INFO: Log example method called
2024-12-30 09:46:22 [http-nio-8888-exec-1] DEBUG c.example.demo.common.HomeController - DEBUG: Debugging log example
2024-12-30 09:46:22 [http-nio-8888-exec-1] DEBUG c.example.demo.common.HomeController - DEBUG: Debugging log example
2024-12-30 09:46:22 [http-nio-8888-exec-1] ERROR c.example.demo.common.HomeController - ERROR: An error occurred in log example
2024-12-30 09:46:22 [http-nio-8888-exec-1] ERROR c.example.demo.common.HomeController - ERROR: An error occurred in log example
2024-12-30 09:46:22 [http-nio-8888-exec-1] DEBUG o.s.w.s.v.ContentNegotiatingViewResolver - Selected 'text/html' given [text/html, application/xhtml+xml, image/avif, image/webp, image/apng, application/xml;q=0.9, */*;q=0.8, application/signed-exchange;v=b3;q=0.7]
2024-12-30 09:46:23 [http-nio-8888-exec-1] DEBUG o.s.web.servlet.DispatcherServlet - Completed 200 OK
2024-12-30 09:46:23 [http-nio-8888-exec-2] DEBUG o.s.web.servlet.DispatcherServlet - GET "/css/style.css", parameters={}
2024-12-30 09:46:23 [http-nio-8888-exec-3] DEBUG o.s.web.servlet.DispatcherServlet - GET "/img/coffee.png", parameters={}
2024-12-30 09:46:23 [http-nio-8888-exec-3] DEBUG o.s.w.s.h.SimpleUrlHandlerMapping - Mapped to ResourceHttpRequestHandler [classpath [META-INF/resources/], classpath [resources/], classpath [static/], classpath [public/], ServletContext [/]]
2024-12-30 09:46:23 [http-nio-8888-exec-2] DEBUG o.s.w.s.h.SimpleUrlHandlerMapping - Mapped to ResourceHttpRequestHandler [classpath [META-INF/resources/], classpath [resources/], classpath [static/], classpath [public/], ServletContext [/]]
2024-12-30 09:46:23 [http-nio-8888-exec-3] DEBUG o.s.web.servlet.DispatcherServlet - Completed 200 OK
2024-12-30 09:46:23 [http-nio-8888-exec-2] DEBUG o.s.web.servlet.DispatcherServlet - Completed 200 OK
2024-12-30 09:46:24 [http-nio-8888-exec-4] DEBUG o.s.web.servlet.DispatcherServlet - GET "/js/scripts.js", parameters={}
2024-12-30 09:46:24 [http-nio-8888-exec-5] DEBUG o.s.web.servlet.DispatcherServlet - GET "/img/bye.png", parameters={}
2024-12-30 09:46:24 [http-nio-8888-exec-4] DEBUG o.s.w.s.h.SimpleUrlHandlerMapping - Mapped to ResourceHttpRequestHandler [classpath [META-INF/resources/], classpath [resources/], classpath [static/], classpath [public/], ServletContext [/]]
2024-12-30 09:46:24 [http-nio-8888-exec-5] DEBUG o.s.w.s.h.SimpleUrlHandlerMapping - Mapped to ResourceHttpRequestHandler [classpath [META-INF/resources/], classpath [resources/], classpath [static/], classpath [public/], ServletContext [/]]
2024-12-30 09:46:24 [http-nio-8888-exec-7] DEBUG o.s.web.servlet.DispatcherServlet - GET "/img/board.png", parameters={}
2024-12-30 09:46:24 [http-nio-8888-exec-6] DEBUG o.s.web.servlet.DispatcherServlet - GET "/img/member.png", parameters={}
2024-12-30 09:46:24 [http-nio-8888-exec-9] DEBUG o.s.web.servlet.DispatcherServlet - GET "/img/cart.png", parameters={}
2024-12-30 09:46:24 [http-nio-8888-exec-7] DEBUG o.s.w.s.h.SimpleUrlHandlerMapping - Mapped to ResourceHttpRequestHandler [classpath [META-INF/resources/], classpath [resources/], classpath [static/], classpath [public/], ServletContext [/]]
2024-12-30 09:46:24 [http-nio-8888-exec-6] DEBUG o.s.w.s.h.SimpleUrlHandlerMapping - Mapped to ResourceHttpRequestHandler [classpath [META-INF/resources/], classpath [resources/], classpath [static/], classpath [public/], ServletContext [/]]
2024-12-30 09:46:24 [http-nio-8888-exec-8] DEBUG o.s.web.servlet.DispatcherServlet - GET "/img/product.png", parameters={}
2024-12-30 09:46:24 [http-nio-8888-exec-9] DEBUG o.s.w.s.h.SimpleUrlHandlerMapping - Mapped to ResourceHttpRequestHandler [classpath [META-INF/resources/], classpath [resources/], classpath [static/], classpath [public/], ServletContext [/]]
2024-12-30 09:46:24 [http-nio-8888-exec-8] DEBUG o.s.w.s.h.SimpleUrlHandlerMapping - Mapped to ResourceHttpRequestHandler [classpath [META-INF/resources/], classpath [resources/], classpath [static/], classpath [public/], ServletContext [/]]
2024-12-30 09:46:24 [http-nio-8888-exec-4] DEBUG o.s.web.servlet.DispatcherServlet - Completed 200 OK
2024-12-30 09:46:24 [http-nio-8888-exec-9] DEBUG o.s.web.servlet.DispatcherServlet - Completed 200 OK
2024-12-30 09:46:24 [http-nio-8888-exec-8] DEBUG o.s.web.servlet.DispatcherServlet - Completed 200 OK
2024-12-30 09:46:24 [http-nio-8888-exec-5] DEBUG o.s.web.servlet.DispatcherServlet - Completed 200 OK
2024-12-30 09:46:24 [http-nio-8888-exec-10] DEBUG o.s.web.servlet.DispatcherServlet - GET "/img/coffee.png", parameters={}
2024-12-30 09:46:24 [http-nio-8888-exec-10] DEBUG o.s.w.s.h.SimpleUrlHandlerMapping - Mapped to ResourceHttpRequestHandler [classpath [META-INF/resources/], classpath [resources/], classpath [static/], classpath [public/], ServletContext [/]]
2024-12-30 09:46:24 [http-nio-8888-exec-7] DEBUG o.s.web.servlet.DispatcherServlet - Completed 200 OK
2024-12-30 09:46:24 [http-nio-8888-exec-6] DEBUG o.s.web.servlet.DispatcherServlet - Completed 200 OK
2024-12-30 09:46:24 [http-nio-8888-exec-10] DEBUG o.s.web.servlet.DispatcherServlet - Completed 200 OK
2024-12-30 09:46:24 [http-nio-8888-exec-1] DEBUG o.s.web.servlet.DispatcherServlet - GET "/assets/favicon.ico", parameters={}
2024-12-30 09:46:24 [http-nio-8888-exec-1] DEBUG o.s.w.s.h.SimpleUrlHandlerMapping - Mapped to ResourceHttpRequestHandler [classpath [META-INF/resources/], classpath [resources/], classpath [static/], classpath [public/], ServletContext [/]]
2024-12-30 09:46:24 [http-nio-8888-exec-1] DEBUG o.s.web.servlet.DispatcherServlet - Completed 200 OK
2024-12-30 09:46:24 [http-nio-8888-exec-3] DEBUG o.s.web.servlet.DispatcherServlet - GET "/assets/favicon.ico", parameters={}
2024-12-30 09:46:24 [http-nio-8888-exec-3] DEBUG o.s.w.s.h.SimpleUrlHandlerMapping - Mapped to ResourceHttpRequestHandler [classpath [META-INF/resources/], classpath [resources/], classpath [static/], classpath [public/], ServletContext [/]]
2024-12-30 09:46:24 [http-nio-8888-exec-3] DEBUG o.s.web.servlet.DispatcherServlet - Completed 200 OK
2024-12-30 09:46:25 [http-nio-8888-exec-2] DEBUG o.s.web.servlet.DispatcherServlet - GET "/product/product", parameters={}
2024-12-30 09:46:25 [http-nio-8888-exec-2] DEBUG o.s.w.s.m.m.a.RequestMappingHandlerMapping - Mapped to com.example.demo.product.controller.ProductController#product()
2024-12-30 09:46:25 [http-nio-8888-exec-2] DEBUG o.s.w.s.v.ContentNegotiatingViewResolver - Selected 'text/html' given [text/html, application/xhtml+xml, image/avif, image/webp, image/apng, application/xml;q=0.9, */*;q=0.8, application/signed-exchange;v=b3;q=0.7]
2024-12-30 09:46:25 [http-nio-8888-exec-2] DEBUG o.s.web.servlet.DispatcherServlet - Completed 200 OK
2024-12-30 09:46:25 [http-nio-8888-exec-4] DEBUG o.s.web.servlet.DispatcherServlet - GET "/css/style.css", parameters={}
2024-12-30 09:46:25 [http-nio-8888-exec-8] DEBUG o.s.web.servlet.DispatcherServlet - GET "/js/scripts.js", parameters={}
2024-12-30 09:46:25 [http-nio-8888-exec-9] DEBUG o.s.web.servlet.DispatcherServlet - GET "/img/coffee.png", parameters={}
2024-12-30 09:46:25 [http-nio-8888-exec-4] DEBUG o.s.w.s.h.SimpleUrlHandlerMapping - Mapped to ResourceHttpRequestHandler [classpath [META-INF/resources/], classpath [resources/], classpath [static/], classpath [public/], ServletContext [/]]
2024-12-30 09:46:25 [http-nio-8888-exec-8] DEBUG o.s.w.s.h.SimpleUrlHandlerMapping - Mapped to ResourceHttpRequestHandler [classpath [META-INF/resources/], classpath [resources/], classpath [static/], classpath [public/], ServletContext [/]]
2024-12-30 09:46:25 [http-nio-8888-exec-9] DEBUG o.s.w.s.h.SimpleUrlHandlerMapping - Mapped to ResourceHttpRequestHandler [classpath [META-INF/resources/], classpath [resources/], classpath [static/], classpath [public/], ServletContext [/]]
2024-12-30 09:46:25 [http-nio-8888-exec-8] DEBUG o.s.web.servlet.DispatcherServlet - Completed 200 OK
2024-12-30 09:46:25 [http-nio-8888-exec-4] DEBUG o.s.web.servlet.DispatcherServlet - Completed 200 OK
2024-12-30 09:46:25 [http-nio-8888-exec-9] DEBUG o.s.web.servlet.DispatcherServlet - Completed 200 OK
2024-12-30 09:46:25 [http-nio-8888-exec-5] DEBUG o.s.web.servlet.DispatcherServlet - GET "/img/bye.png", parameters={}
2024-12-30 09:46:25 [http-nio-8888-exec-7] DEBUG o.s.web.servlet.DispatcherServlet - GET "/img/member.png", parameters={}
2024-12-30 09:46:25 [http-nio-8888-exec-1] DEBUG o.s.web.servlet.DispatcherServlet - GET "/img/cart.png", parameters={}
2024-12-30 09:46:25 [http-nio-8888-exec-6] DEBUG o.s.web.servlet.DispatcherServlet - GET "/img/board.png", parameters={}
2024-12-30 09:46:25 [http-nio-8888-exec-10] DEBUG o.s.web.servlet.DispatcherServlet - GET "/img/product.png", parameters={}
2024-12-30 09:46:25 [http-nio-8888-exec-7] DEBUG o.s.w.s.h.SimpleUrlHandlerMapping - Mapped to ResourceHttpRequestHandler [classpath [META-INF/resources/], classpath [resources/], classpath [static/], classpath [public/], ServletContext [/]]
2024-12-30 09:46:25 [http-nio-8888-exec-5] DEBUG o.s.w.s.h.SimpleUrlHandlerMapping - Mapped to ResourceHttpRequestHandler [classpath [META-INF/resources/], classpath [resources/], classpath [static/], classpath [public/], ServletContext [/]]
2024-12-30 09:46:25 [http-nio-8888-exec-6] DEBUG o.s.w.s.h.SimpleUrlHandlerMapping - Mapped to ResourceHttpRequestHandler [classpath [META-INF/resources/], classpath [resources/], classpath [static/], classpath [public/], ServletContext [/]]
2024-12-30 09:46:25 [http-nio-8888-exec-1] DEBUG o.s.w.s.h.SimpleUrlHandlerMapping - Mapped to ResourceHttpRequestHandler [classpath [META-INF/resources/], classpath [resources/], classpath [static/], classpath [public/], ServletContext [/]]
2024-12-30 09:46:25 [http-nio-8888-exec-10] DEBUG o.s.w.s.h.SimpleUrlHandlerMapping - Mapped to ResourceHttpRequestHandler [classpath [META-INF/resources/], classpath [resources/], classpath [static/], classpath [public/], ServletContext [/]]
2024-12-30 09:46:25 [http-nio-8888-exec-10] DEBUG o.s.web.servlet.DispatcherServlet - Completed 200 OK
2024-12-30 09:46:25 [http-nio-8888-exec-6] DEBUG o.s.web.servlet.DispatcherServlet - Completed 200 OK
2024-12-30 09:46:25 [http-nio-8888-exec-5] DEBUG o.s.web.servlet.DispatcherServlet - Completed 200 OK
2024-12-30 09:46:25 [http-nio-8888-exec-7] DEBUG o.s.web.servlet.DispatcherServlet - Completed 200 OK
2024-12-30 09:46:25 [http-nio-8888-exec-1] DEBUG o.s.web.servlet.DispatcherServlet - Completed 200 OK
2024-12-30 09:46:25 [http-nio-8888-exec-3] DEBUG o.s.web.servlet.DispatcherServlet - GET "/assets/favicon.ico", parameters={}
2024-12-30 09:46:25 [http-nio-8888-exec-3] DEBUG o.s.w.s.h.SimpleUrlHandlerMapping - Mapped to ResourceHttpRequestHandler [classpath [META-INF/resources/], classpath [resources/], classpath [static/], classpath [public/], ServletContext [/]]
2024-12-30 09:46:25 [http-nio-8888-exec-3] DEBUG o.s.web.servlet.DispatcherServlet - Completed 200 OK
2024-12-30 09:46:27 [http-nio-8888-exec-2] DEBUG o.s.web.servlet.DispatcherServlet - GET "/board/board", parameters={}
2024-12-30 09:46:27 [http-nio-8888-exec-2] DEBUG o.s.w.s.m.m.a.RequestMappingHandlerMapping - Mapped to com.example.demo.board.controller.BoardController#board(HttpSession)
2024-12-30 09:46:27 [http-nio-8888-exec-2] DEBUG o.s.w.s.v.ContentNegotiatingViewResolver - Selected 'text/html' given [text/html, application/xhtml+xml, image/avif, image/webp, image/apng, application/xml;q=0.9, */*;q=0.8, application/signed-exchange;v=b3;q=0.7]
2024-12-30 09:46:27 [http-nio-8888-exec-2] DEBUG o.s.web.servlet.DispatcherServlet - Completed 200 OK
2024-12-30 09:46:27 [http-nio-8888-exec-4] DEBUG o.s.web.servlet.DispatcherServlet - GET "/img/coffee.png;jsessionid=7C16C5C0EB5D061CB1880AF82E795EB1", parameters={}
2024-12-30 09:46:27 [http-nio-8888-exec-8] DEBUG o.s.web.servlet.DispatcherServlet - GET "/css/style.css", parameters={}
2024-12-30 09:46:27 [http-nio-8888-exec-9] DEBUG o.s.web.servlet.DispatcherServlet - GET "/js/scripts.js;jsessionid=7C16C5C0EB5D061CB1880AF82E795EB1", parameters={}
2024-12-30 09:46:27 [http-nio-8888-exec-9] DEBUG o.s.w.s.h.SimpleUrlHandlerMapping - Mapped to ResourceHttpRequestHandler [classpath [META-INF/resources/], classpath [resources/], classpath [static/], classpath [public/], ServletContext [/]]
2024-12-30 09:46:27 [http-nio-8888-exec-4] DEBUG o.s.w.s.h.SimpleUrlHandlerMapping - Mapped to ResourceHttpRequestHandler [classpath [META-INF/resources/], classpath [resources/], classpath [static/], classpath [public/], ServletContext [/]]
2024-12-30 09:46:27 [http-nio-8888-exec-8] DEBUG o.s.w.s.h.SimpleUrlHandlerMapping - Mapped to ResourceHttpRequestHandler [classpath [META-INF/resources/], classpath [resources/], classpath [static/], classpath [public/], ServletContext [/]]
2024-12-30 09:46:27 [http-nio-8888-exec-9] DEBUG o.s.web.servlet.DispatcherServlet - Completed 200 OK
2024-12-30 09:46:27 [http-nio-8888-exec-4] DEBUG o.s.web.servlet.DispatcherServlet - Completed 200 OK
2024-12-30 09:46:27 [http-nio-8888-exec-8] DEBUG o.s.web.servlet.DispatcherServlet - Completed 200 OK
2024-12-30 09:46:27 [http-nio-8888-exec-10] DEBUG o.s.web.servlet.DispatcherServlet - GET "/img/bye.png", parameters={}
2024-12-30 09:46:27 [http-nio-8888-exec-5] DEBUG o.s.web.servlet.DispatcherServlet - GET "/img/board.png", parameters={}
2024-12-30 09:46:27 [http-nio-8888-exec-6] DEBUG o.s.web.servlet.DispatcherServlet - GET "/img/member.png", parameters={}
2024-12-30 09:46:27 [http-nio-8888-exec-7] DEBUG o.s.web.servlet.DispatcherServlet - GET "/img/product.png", parameters={}
2024-12-30 09:46:27 [http-nio-8888-exec-6] DEBUG o.s.w.s.h.SimpleUrlHandlerMapping - Mapped to ResourceHttpRequestHandler [classpath [META-INF/resources/], classpath [resources/], classpath [static/], classpath [public/], ServletContext [/]]
2024-12-30 09:46:27 [http-nio-8888-exec-1] DEBUG o.s.web.servlet.DispatcherServlet - GET "/img/cart.png", parameters={}
2024-12-30 09:46:27 [http-nio-8888-exec-10] DEBUG o.s.w.s.h.SimpleUrlHandlerMapping - Mapped to ResourceHttpRequestHandler [classpath [META-INF/resources/], classpath [resources/], classpath [static/], classpath [public/], ServletContext [/]]
2024-12-30 09:46:27 [http-nio-8888-exec-5] DEBUG o.s.w.s.h.SimpleUrlHandlerMapping - Mapped to ResourceHttpRequestHandler [classpath [META-INF/resources/], classpath [resources/], classpath [static/], classpath [public/], ServletContext [/]]
2024-12-30 09:46:27 [http-nio-8888-exec-7] DEBUG o.s.w.s.h.SimpleUrlHandlerMapping - Mapped to ResourceHttpRequestHandler [classpath [META-INF/resources/], classpath [resources/], classpath [static/], classpath [public/], ServletContext [/]]
2024-12-30 09:46:27 [http-nio-8888-exec-1] DEBUG o.s.w.s.h.SimpleUrlHandlerMapping - Mapped to ResourceHttpRequestHandler [classpath [META-INF/resources/], classpath [resources/], classpath [static/], classpath [public/], ServletContext [/]]
2024-12-30 09:46:27 [http-nio-8888-exec-7] DEBUG o.s.web.servlet.DispatcherServlet - Completed 200 OK
2024-12-30 09:46:27 [http-nio-8888-exec-5] DEBUG o.s.web.servlet.DispatcherServlet - Completed 200 OK
2024-12-30 09:46:27 [http-nio-8888-exec-10] DEBUG o.s.web.servlet.DispatcherServlet - Completed 200 OK
2024-12-30 09:46:27 [http-nio-8888-exec-6] DEBUG o.s.web.servlet.DispatcherServlet - Completed 200 OK
2024-12-30 09:46:27 [http-nio-8888-exec-1] DEBUG o.s.web.servlet.DispatcherServlet - Completed 200 OK
2024-12-30 09:46:27 [http-nio-8888-exec-3] DEBUG o.s.web.servlet.DispatcherServlet - GET "/assets/favicon.ico", parameters={}
2024-12-30 09:46:27 [http-nio-8888-exec-3] DEBUG o.s.w.s.h.SimpleUrlHandlerMapping - Mapped to ResourceHttpRequestHandler [classpath [META-INF/resources/], classpath [resources/], classpath [static/], classpath [public/], ServletContext [/]]
2024-12-30 09:46:27 [http-nio-8888-exec-3] DEBUG o.s.web.servlet.DispatcherServlet - Completed 200 OK
2024-12-30 09:46:27 [http-nio-8888-exec-2] DEBUG o.s.web.servlet.DispatcherServlet - GET "/member/member", parameters={}
2024-12-30 09:46:27 [http-nio-8888-exec-2] DEBUG o.s.w.s.m.m.a.RequestMappingHandlerMapping - Mapped to com.example.demo.member.controller.MemberController#member()
2024-12-30 09:46:27 [http-nio-8888-exec-2] DEBUG o.s.w.s.v.ContentNegotiatingViewResolver - Selected 'text/html' given [text/html, application/xhtml+xml, image/avif, image/webp, image/apng, application/xml;q=0.9, */*;q=0.8, application/signed-exchange;v=b3;q=0.7]
2024-12-30 09:46:27 [http-nio-8888-exec-2] DEBUG o.s.web.servlet.DispatcherServlet - Completed 200 OK
2024-12-30 09:46:27 [http-nio-8888-exec-4] DEBUG o.s.web.servlet.DispatcherServlet - GET "/css/style.css", parameters={}
2024-12-30 09:46:27 [http-nio-8888-exec-4] DEBUG o.s.w.s.h.SimpleUrlHandlerMapping - Mapped to ResourceHttpRequestHandler [classpath [META-INF/resources/], classpath [resources/], classpath [static/], classpath [public/], ServletContext [/]]
2024-12-30 09:46:27 [http-nio-8888-exec-9] DEBUG o.s.web.servlet.DispatcherServlet - GET "/img/coffee.png", parameters={}
2024-12-30 09:46:27 [http-nio-8888-exec-8] DEBUG o.s.web.servlet.DispatcherServlet - GET "/js/scripts.js", parameters={}
2024-12-30 09:46:27 [http-nio-8888-exec-9] DEBUG o.s.w.s.h.SimpleUrlHandlerMapping - Mapped to ResourceHttpRequestHandler [classpath [META-INF/resources/], classpath [resources/], classpath [static/], classpath [public/], ServletContext [/]]
2024-12-30 09:46:27 [http-nio-8888-exec-8] DEBUG o.s.w.s.h.SimpleUrlHandlerMapping - Mapped to ResourceHttpRequestHandler [classpath [META-INF/resources/], classpath [resources/], classpath [static/], classpath [public/], ServletContext [/]]
2024-12-30 09:46:27 [http-nio-8888-exec-4] DEBUG o.s.web.servlet.DispatcherServlet - Completed 200 OK
2024-12-30 09:46:27 [http-nio-8888-exec-8] DEBUG o.s.web.servlet.DispatcherServlet - Completed 200 OK
2024-12-30 09:46:27 [http-nio-8888-exec-9] DEBUG o.s.web.servlet.DispatcherServlet - Completed 200 OK
2024-12-30 09:46:27 [http-nio-8888-exec-7] DEBUG o.s.web.servlet.DispatcherServlet - GET "/img/bye.png", parameters={}
2024-12-30 09:46:27 [http-nio-8888-exec-7] DEBUG o.s.w.s.h.SimpleUrlHandlerMapping - Mapped to ResourceHttpRequestHandler [classpath [META-INF/resources/], classpath [resources/], classpath [static/], classpath [public/], ServletContext [/]]
2024-12-30 09:46:27 [http-nio-8888-exec-5] DEBUG o.s.web.servlet.DispatcherServlet - GET "/img/member.png", parameters={}
2024-12-30 09:46:27 [http-nio-8888-exec-10] DEBUG o.s.web.servlet.DispatcherServlet - GET "/img/board.png", parameters={}
2024-12-30 09:46:27 [http-nio-8888-exec-5] DEBUG o.s.w.s.h.SimpleUrlHandlerMapping - Mapped to ResourceHttpRequestHandler [classpath [META-INF/resources/], classpath [resources/], classpath [static/], classpath [public/], ServletContext [/]]
2024-12-30 09:46:27 [http-nio-8888-exec-6] DEBUG o.s.web.servlet.DispatcherServlet - GET "/img/product.png", parameters={}
2024-12-30 09:46:27 [http-nio-8888-exec-1] DEBUG o.s.web.servlet.DispatcherServlet - GET "/img/cart.png", parameters={}
2024-12-30 09:46:27 [http-nio-8888-exec-10] DEBUG o.s.w.s.h.SimpleUrlHandlerMapping - Mapped to ResourceHttpRequestHandler [classpath [META-INF/resources/], classpath [resources/], classpath [static/], classpath [public/], ServletContext [/]]
2024-12-30 09:46:27 [http-nio-8888-exec-1] DEBUG o.s.w.s.h.SimpleUrlHandlerMapping - Mapped to ResourceHttpRequestHandler [classpath [META-INF/resources/], classpath [resources/], classpath [static/], classpath [public/], ServletContext [/]]
2024-12-30 09:46:27 [http-nio-8888-exec-6] DEBUG o.s.w.s.h.SimpleUrlHandlerMapping - Mapped to ResourceHttpRequestHandler [classpath [META-INF/resources/], classpath [resources/], classpath [static/], classpath [public/], ServletContext [/]]
2024-12-30 09:46:27 [http-nio-8888-exec-7] DEBUG o.s.web.servlet.DispatcherServlet - Completed 200 OK
2024-12-30 09:46:27 [http-nio-8888-exec-1] DEBUG o.s.web.servlet.DispatcherServlet - Completed 200 OK
2024-12-30 09:46:27 [http-nio-8888-exec-6] DEBUG o.s.web.servlet.DispatcherServlet - Completed 200 OK
2024-12-30 09:46:27 [http-nio-8888-exec-10] DEBUG o.s.web.servlet.DispatcherServlet - Completed 200 OK
2024-12-30 09:46:27 [http-nio-8888-exec-5] DEBUG o.s.web.servlet.DispatcherServlet - Completed 200 OK
2024-12-30 09:46:27 [http-nio-8888-exec-3] DEBUG o.s.web.servlet.DispatcherServlet - GET "/assets/favicon.ico", parameters={}
2024-12-30 09:46:27 [http-nio-8888-exec-3] DEBUG o.s.w.s.h.SimpleUrlHandlerMapping - Mapped to ResourceHttpRequestHandler [classpath [META-INF/resources/], classpath [resources/], classpath [static/], classpath [public/], ServletContext [/]]
2024-12-30 09:46:27 [http-nio-8888-exec-3] DEBUG o.s.web.servlet.DispatcherServlet - Completed 200 OK
2024-12-30 09:46:29 [http-nio-8888-exec-2] DEBUG o.s.web.servlet.DispatcherServlet - GET "/", parameters={}
2024-12-30 09:46:29 [http-nio-8888-exec-2] DEBUG o.s.w.s.m.m.a.RequestMappingHandlerMapping - Mapped to com.example.demo.common.HomeController#index()
2024-12-30 09:46:29 [http-nio-8888-exec-2] INFO  c.example.demo.common.HomeController - INFO: Log example method called
2024-12-30 09:46:29 [http-nio-8888-exec-2] INFO  c.example.demo.common.HomeController - INFO: Log example method called
2024-12-30 09:46:29 [http-nio-8888-exec-2] DEBUG c.example.demo.common.HomeController - DEBUG: Debugging log example
2024-12-30 09:46:29 [http-nio-8888-exec-2] DEBUG c.example.demo.common.HomeController - DEBUG: Debugging log example
2024-12-30 09:46:29 [http-nio-8888-exec-2] ERROR c.example.demo.common.HomeController - ERROR: An error occurred in log example
2024-12-30 09:46:29 [http-nio-8888-exec-2] ERROR c.example.demo.common.HomeController - ERROR: An error occurred in log example
2024-12-30 09:46:29 [http-nio-8888-exec-2] DEBUG o.s.w.s.v.ContentNegotiatingViewResolver - Selected 'text/html' given [text/html, application/xhtml+xml, image/avif, image/webp, image/apng, application/xml;q=0.9, */*;q=0.8, application/signed-exchange;v=b3;q=0.7]
2024-12-30 09:46:29 [http-nio-8888-exec-2] DEBUG o.s.web.servlet.DispatcherServlet - Completed 200 OK
2024-12-30 09:46:29 [http-nio-8888-exec-9] DEBUG o.s.web.servlet.DispatcherServlet - GET "/img/coffee.png", parameters={}
2024-12-30 09:46:29 [http-nio-8888-exec-8] DEBUG o.s.web.servlet.DispatcherServlet - GET "/js/scripts.js", parameters={}
2024-12-30 09:46:29 [http-nio-8888-exec-4] DEBUG o.s.web.servlet.DispatcherServlet - GET "/css/style.css", parameters={}
2024-12-30 09:46:29 [http-nio-8888-exec-9] DEBUG o.s.w.s.h.SimpleUrlHandlerMapping - Mapped to ResourceHttpRequestHandler [classpath [META-INF/resources/], classpath [resources/], classpath [static/], classpath [public/], ServletContext [/]]
2024-12-30 09:46:29 [http-nio-8888-exec-8] DEBUG o.s.w.s.h.SimpleUrlHandlerMapping - Mapped to ResourceHttpRequestHandler [classpath [META-INF/resources/], classpath [resources/], classpath [static/], classpath [public/], ServletContext [/]]
2024-12-30 09:46:29 [http-nio-8888-exec-4] DEBUG o.s.w.s.h.SimpleUrlHandlerMapping - Mapped to ResourceHttpRequestHandler [classpath [META-INF/resources/], classpath [resources/], classpath [static/], classpath [public/], ServletContext [/]]
2024-12-30 09:46:29 [http-nio-8888-exec-8] DEBUG o.s.web.servlet.DispatcherServlet - Completed 200 OK
2024-12-30 09:46:29 [http-nio-8888-exec-9] DEBUG o.s.web.servlet.DispatcherServlet - Completed 200 OK
2024-12-30 09:46:29 [http-nio-8888-exec-4] DEBUG o.s.web.servlet.DispatcherServlet - Completed 200 OK
2024-12-30 09:46:29 [http-nio-8888-exec-1] DEBUG o.s.web.servlet.DispatcherServlet - GET "/img/member.png", parameters={}
2024-12-30 09:46:29 [http-nio-8888-exec-7] DEBUG o.s.web.servlet.DispatcherServlet - GET "/img/bye.png", parameters={}
2024-12-30 09:46:29 [http-nio-8888-exec-6] DEBUG o.s.web.servlet.DispatcherServlet - GET "/img/board.png", parameters={}
2024-12-30 09:46:29 [http-nio-8888-exec-5] DEBUG o.s.web.servlet.DispatcherServlet - GET "/img/product.png", parameters={}
2024-12-30 09:46:29 [http-nio-8888-exec-1] DEBUG o.s.w.s.h.SimpleUrlHandlerMapping - Mapped to ResourceHttpRequestHandler [classpath [META-INF/resources/], classpath [resources/], classpath [static/], classpath [public/], ServletContext [/]]
2024-12-30 09:46:29 [http-nio-8888-exec-6] DEBUG o.s.w.s.h.SimpleUrlHandlerMapping - Mapped to ResourceHttpRequestHandler [classpath [META-INF/resources/], classpath [resources/], classpath [static/], classpath [public/], ServletContext [/]]
2024-12-30 09:46:29 [http-nio-8888-exec-10] DEBUG o.s.web.servlet.DispatcherServlet - GET "/img/cart.png", parameters={}
2024-12-30 09:46:29 [http-nio-8888-exec-7] DEBUG o.s.w.s.h.SimpleUrlHandlerMapping - Mapped to ResourceHttpRequestHandler [classpath [META-INF/resources/], classpath [resources/], classpath [static/], classpath [public/], ServletContext [/]]
2024-12-30 09:46:29 [http-nio-8888-exec-5] DEBUG o.s.w.s.h.SimpleUrlHandlerMapping - Mapped to ResourceHttpRequestHandler [classpath [META-INF/resources/], classpath [resources/], classpath [static/], classpath [public/], ServletContext [/]]
2024-12-30 09:46:29 [http-nio-8888-exec-10] DEBUG o.s.w.s.h.SimpleUrlHandlerMapping - Mapped to ResourceHttpRequestHandler [classpath [META-INF/resources/], classpath [resources/], classpath [static/], classpath [public/], ServletContext [/]]
2024-12-30 09:46:29 [http-nio-8888-exec-7] DEBUG o.s.web.servlet.DispatcherServlet - Completed 200 OK
2024-12-30 09:46:29 [http-nio-8888-exec-6] DEBUG o.s.web.servlet.DispatcherServlet - Completed 200 OK
2024-12-30 09:46:29 [http-nio-8888-exec-5] DEBUG o.s.web.servlet.DispatcherServlet - Completed 200 OK
2024-12-30 09:46:29 [http-nio-8888-exec-1] DEBUG o.s.web.servlet.DispatcherServlet - Completed 200 OK
2024-12-30 09:46:29 [http-nio-8888-exec-10] DEBUG o.s.web.servlet.DispatcherServlet - Completed 200 OK
2024-12-30 09:46:29 [http-nio-8888-exec-3] DEBUG o.s.web.servlet.DispatcherServlet - GET "/img/coffee.png", parameters={}
2024-12-30 09:46:29 [http-nio-8888-exec-3] DEBUG o.s.w.s.h.SimpleUrlHandlerMapping - Mapped to ResourceHttpRequestHandler [classpath [META-INF/resources/], classpath [resources/], classpath [static/], classpath [public/], ServletContext [/]]
2024-12-30 09:46:29 [http-nio-8888-exec-2] DEBUG o.s.web.servlet.DispatcherServlet - GET "/assets/favicon.ico", parameters={}
2024-12-30 09:46:29 [http-nio-8888-exec-2] DEBUG o.s.w.s.h.SimpleUrlHandlerMapping - Mapped to ResourceHttpRequestHandler [classpath [META-INF/resources/], classpath [resources/], classpath [static/], classpath [public/], ServletContext [/]]
2024-12-30 09:46:29 [http-nio-8888-exec-3] DEBUG o.s.web.servlet.DispatcherServlet - Completed 200 OK
2024-12-30 09:46:29 [http-nio-8888-exec-2] DEBUG o.s.web.servlet.DispatcherServlet - Completed 200 OK
2024-12-30 10:03:58 [SpringApplicationShutdownHook] INFO  com.zaxxer.hikari.HikariDataSource - MyHikariPool - Shutdown initiated...
2024-12-30 10:03:58 [SpringApplicationShutdownHook] INFO  com.zaxxer.hikari.HikariDataSource - MyHikariPool - Shutdown completed.
